# JRE version: Java(TM) SE Runtime Environment (7.0_51-b13) (build 1.7.0_51-b13)
# Java VM: Java HotSpot(TM) Client VM (24.51-b03 mixed mode, sharing windows-x86 )
Heap
 def new generation   total 12736K, used 4022K [0x237a0000, 0x24570000, 0x28cf0000)
  eden space 11328K,  23% used [0x237a0000, 0x23a2da10, 0x242b0000)
  from space 1408K, 100% used [0x24410000, 0x24570000, 0x24570000)
  to   space 1408K,   0% used [0x242b0000, 0x242b0000, 0x24410000)
 tenured generation   total 28200K, used 26322K [0x28cf0000, 0x2a87a000, 0x337a0000)
   the space 28200K,  93% used [0x28cf0000, 0x2a6a49b8, 0x2a6a4a00, 0x2a87a000)
 compacting perm gen  total 12288K, used 4184K [0x337a0000, 0x343a0000, 0x377a0000)
   the space 12288K,  34% used [0x337a0000, 0x33bb6260, 0x33bb6400, 0x343a0000)
    ro space 10240K,  41% used [0x377a0000, 0x37bd2050, 0x37bd2200, 0x381a0000)
    rw space 12288K,  52% used [0x381a0000, 0x387e6800, 0x387e6800, 0x38da0000)
GC Heap History (10 events):
Event: 1.505 GC heap before
{Heap before GC invocations=21 (full 2):
 def new generation   total 9664K, used 8103K [0x237a0000, 0x24210000, 0x28cf0000)
  eden space 8640K,  91% used [0x237a0000, 0x23f620f8, 0x24010000)
  from space 1024K,  15% used [0x24010000, 0x24037bb8, 0x24110000)
  to   space 1024K,   0% used [0x24110000, 0x24110000, 0x24210000)
 tenured generation   total 21352K, used 11814K [0x28cf0000, 0x2a1ca000, 0x337a0000)
   the space 21352K,  55% used [0x28cf0000, 0x29879870, 0x29879a00, 0x2a1ca000)
 compacting perm gen  total 12288K, used 843K [0x337a0000, 0x343a0000, 0x377a0000)
   the space 12288K,   6% used [0x337a0000, 0x33872cc0, 0x33872e00, 0x343a0000)
    ro space 10240K,  41% used [0x377a0000, 0x37bd2050, 0x37bd2200, 0x381a0000)
    rw space 12288K,  52% used [0x381a0000, 0x387e6800, 0x387e6800, 0x38da0000)
Event: 1.507 GC heap after
Heap after GC invocations=22 (full 2):
 def new generation   total 9664K, used 1K [0x237a0000, 0x24210000, 0x28cf0000)
  eden space 8640K,   0% used [0x237a0000, 0x237a0000, 0x24010000)
  from space 1024K,   0% used [0x24110000, 0x24110470, 0x24210000)
  to   space 1024K,   0% used [0x24010000, 0x24010000, 0x24110000)
 tenured generation   total 21352K, used 15910K [0x28cf0000, 0x2a1ca000, 0x337a0000)
   the space 21352K,  74% used [0x28cf0000, 0x29c79880, 0x29c79a00, 0x2a1ca000)
 compacting perm gen  total 12288K, used 843K [0x337a0000, 0x343a0000, 0x377a0000)
   the space 12288K,   6% used [0x337a0000, 0x33872cc0, 0x33872e00, 0x343a0000)
    ro space 10240K,  41% used [0x377a0000, 0x37bd2050, 0x37bd2200, 0x381a0000)
    rw space 12288K,  52% used [0x381a0000, 0x387e6800, 0x387e6800, 0x38da0000)
}
Event: 1.573 GC heap before
{Heap before GC invocations=22 (full 2):
 def new generation   total 9664K, used 8309K [0x237a0000, 0x24210000, 0x28cf0000)
  eden space 8640K,  96% used [0x237a0000, 0x23fbd2d0, 0x24010000)
  from space 1024K,   0% used [0x24110000, 0x24110470, 0x24210000)
  to   space 1024K,   0% used [0x24010000, 0x24010000, 0x24110000)
 tenured generation   total 21352K, used 15910K [0x28cf0000, 0x2a1ca000, 0x337a0000)
   the space 21352K,  74% used [0x28cf0000, 0x29c79880, 0x29c79a00, 0x2a1ca000)
 compacting perm gen  total 12288K, used 843K [0x337a0000, 0x343a0000, 0x377a0000)
   the space 12288K,   6% used [0x337a0000, 0x33872cc0, 0x33872e00, 0x343a0000)
    ro space 10240K,  41% used [0x377a0000, 0x37bd2050, 0x37bd2200, 0x381a0000)
    rw space 12288K,  52% used [0x381a0000, 0x387e6800, 0x387e6800, 0x38da0000)
Event: 1.594 GC heap after
Heap after GC invocations=23 (full 3):
 def new generation   total 12736K, used 0K [0x237a0000, 0x24570000, 0x28cf0000)
  eden space 11328K,   0% used [0x237a0000, 0x237a0000, 0x242b0000)
  from space 1408K,   0% used [0x242b0000, 0x242b0000, 0x24410000)
  to   space 1408K,   0% used [0x24410000, 0x24410000, 0x24570000)
 tenured generation   total 28200K, used 16919K [0x28cf0000, 0x2a87a000, 0x337a0000)
   the space 28200K,  59% used [0x28cf0000, 0x29d75ff8, 0x29d76000, 0x2a87a000)
 compacting perm gen  total 12288K, used 843K [0x337a0000, 0x343a0000, 0x377a0000)
   the space 12288K,   6% used [0x337a0000, 0x33872cc0, 0x33872e00, 0x343a0000)
    ro space 10240K,  41% used [0x377a0000, 0x37bd2050, 0x37bd2200, 0x381a0000)
    rw space 12288K,  52% used [0x381a0000, 0x387e6800, 0x387e6800, 0x38da0000)
}
Event: 1.952 GC heap before
{Heap before GC invocations=23 (full 3):
 def new generation   total 12736K, used 11328K [0x237a0000, 0x24570000, 0x28cf0000)
  eden space 11328K, 100% used [0x237a0000, 0x242b0000, 0x242b0000)
  from space 1408K,   0% used [0x242b0000, 0x242b0040, 0x24410000)
  to   space 1408K,   0% used [0x24410000, 0x24410000, 0x24570000)
 tenured generation   total 28200K, used 16919K [0x28cf0000, 0x2a87a000, 0x337a0000)
   the space 28200K,  59% used [0x28cf0000, 0x29d75ff8, 0x29d76000, 0x2a87a000)
 compacting perm gen  total 12288K, used 843K [0x337a0000, 0x343a0000, 0x377a0000)
   the space 12288K,   6% used [0x337a0000, 0x33872cc0, 0x33872e00, 0x343a0000)
    ro space 10240K,  41% used [0x377a0000, 0x37bd2050, 0x37bd2200, 0x381a0000)
    rw space 12288K,  52% used [0x381a0000, 0x387e6800, 0x387e6800, 0x38da0000)
Event: 1.956 GC heap after
Heap after GC invocations=24 (full 3):
 def new generation   total 12736K, used 63K [0x237a0000, 0x24570000, 0x28cf0000)
  eden space 11328K,   0% used [0x237a0000, 0x237a0000, 0x242b0000)
  from space 1408K,   4% used [0x24410000, 0x2441ff80, 0x24570000)
  to   space 1408K,   0% used [0x242b0000, 0x242b0000, 0x24410000)
 tenured generation   total 28200K, used 25112K [0x28cf0000, 0x2a87a000, 0x337a0000)
   the space 28200K,  89% used [0x28cf0000, 0x2a576018, 0x2a576200, 0x2a87a000)
 compacting perm gen  total 12288K, used 843K [0x337a0000, 0x343a0000, 0x377a0000)
   the space 12288K,   6% used [0x337a0000, 0x33872cc0, 0x33872e00, 0x343a0000)
    ro space 10240K,  41% used [0x377a0000, 0x37bd2050, 0x37bd2200, 0x381a0000)
    rw space 12288K,  52% used [0x381a0000, 0x387e6800, 0x387e6800, 0x38da0000)
}
Event: 2.692 GC heap before
{Heap before GC invocations=24 (full 3):
 def new generation   total 12736K, used 11391K [0x237a0000, 0x24570000, 0x28cf0000)
  eden space 11328K, 100% used [0x237a0000, 0x242b0000, 0x242b0000)
  from space 1408K,   4% used [0x24410000, 0x2441ff80, 0x24570000)
  to   space 1408K,   0% used [0x242b0000, 0x242b0000, 0x24410000)
 tenured generation   total 28200K, used 25112K [0x28cf0000, 0x2a87a000, 0x337a0000)
   the space 28200K,  89% used [0x28cf0000, 0x2a576018, 0x2a576200, 0x2a87a000)
 compacting perm gen  total 12288K, used 1992K [0x337a0000, 0x343a0000, 0x377a0000)
   the space 12288K,  16% used [0x337a0000, 0x33992208, 0x33992400, 0x343a0000)
    ro space 10240K,  41% used [0x377a0000, 0x37bd2050, 0x37bd2200, 0x381a0000)
    rw space 12288K,  52% used [0x381a0000, 0x387e6800, 0x387e6800, 0x38da0000)
Event: 2.696 GC heap after
Heap after GC invocations=25 (full 3):
 def new generation   total 12736K, used 1122K [0x237a0000, 0x24570000, 0x28cf0000)
  eden space 11328K,   0% used [0x237a0000, 0x237a0000, 0x242b0000)
  from space 1408K,  79% used [0x242b0000, 0x243c8a50, 0x24410000)
  to   space 1408K,   0% used [0x24410000, 0x24410000, 0x24570000)
 tenured generation   total 28200K, used 25112K [0x28cf0000, 0x2a87a000, 0x337a0000)
   the space 28200K,  89% used [0x28cf0000, 0x2a576018, 0x2a576200, 0x2a87a000)
 compacting perm gen  total 12288K, used 1992K [0x337a0000, 0x343a0000, 0x377a0000)
   the space 12288K,  16% used [0x337a0000, 0x33992208, 0x33992400, 0x343a0000)
    ro space 10240K,  41% used [0x377a0000, 0x37bd2050, 0x37bd2200, 0x381a0000)
    rw space 12288K,  52% used [0x381a0000, 0x387e6800, 0x387e6800, 0x38da0000)
}
Event: 28.332 GC heap before
{Heap before GC invocations=25 (full 3):
 def new generation   total 12736K, used 12450K [0x237a0000, 0x24570000, 0x28cf0000)
  eden space 11328K, 100% used [0x237a0000, 0x242b0000, 0x242b0000)
  from space 1408K,  79% used [0x242b0000, 0x243c8a50, 0x24410000)
  to   space 1408K,   0% used [0x24410000, 0x24410000, 0x24570000)
 tenured generation   total 28200K, used 25112K [0x28cf0000, 0x2a87a000, 0x337a0000)
   the space 28200K,  89% used [0x28cf0000, 0x2a576018, 0x2a576200, 0x2a87a000)
 compacting perm gen  total 12288K, used 4184K [0x337a0000, 0x343a0000, 0x377a0000)
   the space 12288K,  34% used [0x337a0000, 0x33bb6210, 0x33bb6400, 0x343a0000)
    ro space 10240K,  41% used [0x377a0000, 0x37bd2050, 0x37bd2200, 0x381a0000)
    rw space 12288K,  52% used [0x381a0000, 0x387e6800, 0x387e6800, 0x38da0000)
Event: 28.350 GC heap after
Heap after GC invocations=26 (full 3):
 def new generation   total 12736K, used 1408K [0x237a0000, 0x24570000, 0x28cf0000)
  eden space 11328K,   0% used [0x237a0000, 0x237a0000, 0x242b0000)
  from space 1408K, 100% used [0x24410000, 0x24570000, 0x24570000)
  to   space 1408K,   0% used [0x242b0000, 0x242b0000, 0x24410000)
 tenured generation   total 28200K, used 26322K [0x28cf0000, 0x2a87a000, 0x337a0000)
   the space 28200K,  93% used [0x28cf0000, 0x2a6a49b8, 0x2a6a4a00, 0x2a87a000)
 compacting perm gen  total 12288K, used 4184K [0x337a0000, 0x343a0000, 0x377a0000)
   the space 12288K,  34% used [0x337a0000, 0x33bb6210, 0x33bb6400, 0x343a0000)
    ro space 10240K,  41% used [0x377a0000, 0x37bd2050, 0x37bd2200, 0x381a0000)
    rw space 12288K,  52% used [0x381a0000, 0x387e6800, 0x387e6800, 0x38da0000)
}

