# JRE version: Java(TM) SE Runtime Environment (7.0_51-b13) (build 1.7.0_51-b13)
# Java VM: Java HotSpot(TM) Client VM (24.51-b03 mixed mode, sharing windows-x86 )
Heap
 def new generation   total 16128K, used 6364K [0x237a0000, 0x24910000, 0x28cf0000)
  eden space 14400K,  32% used [0x237a0000, 0x23c271f8, 0x245b0000)
  from space 1728K, 100% used [0x245b0000, 0x24760000, 0x24760000)
  to   space 1728K,   0% used [0x24760000, 0x24760000, 0x24910000)
 tenured generation   total 35580K, used 26669K [0x28cf0000, 0x2afaf000, 0x337a0000)
   the space 35580K,  74% used [0x28cf0000, 0x2a6fb5c0, 0x2a6fb600, 0x2afaf000)
 compacting perm gen  total 12288K, used 4195K [0x337a0000, 0x343a0000, 0x377a0000)
   the space 12288K,  34% used [0x337a0000, 0x33bb8c28, 0x33bb8e00, 0x343a0000)
    ro space 10240K,  41% used [0x377a0000, 0x37bd2050, 0x37bd2200, 0x381a0000)
    rw space 12288K,  52% used [0x381a0000, 0x387e6800, 0x387e6800, 0x38da0000)
GC Heap History (10 events):
Event: 1.766 GC heap before
{Heap before GC invocations=24 (full 2):
 def new generation   total 9920K, used 7953K [0x237a0000, 0x24260000, 0x28cf0000)
  eden space 8832K,  81% used [0x237a0000, 0x23eb06c8, 0x24040000)
  from space 1088K,  66% used [0x24040000, 0x240f3f58, 0x24150000)
  to   space 1088K,   0% used [0x24150000, 0x24150000, 0x24260000)
 tenured generation   total 21900K, used 10626K [0x28cf0000, 0x2a253000, 0x337a0000)
   the space 21900K,  48% used [0x28cf0000, 0x29750960, 0x29750a00, 0x2a253000)
 compacting perm gen  total 12288K, used 843K [0x337a0000, 0x343a0000, 0x377a0000)
   the space 12288K,   6% used [0x337a0000, 0x33872cf8, 0x33872e00, 0x343a0000)
    ro space 10240K,  41% used [0x377a0000, 0x37bd2050, 0x37bd2200, 0x381a0000)
    rw space 12288K,  52% used [0x381a0000, 0x387e6800, 0x387e6800, 0x38da0000)
Event: 1.766 GC heap after
Heap after GC invocations=25 (full 2):
 def new generation   total 9920K, used 1K [0x237a0000, 0x24260000, 0x28cf0000)
  eden space 8832K,   0% used [0x237a0000, 0x237a0000, 0x24040000)
  from space 1088K,   0% used [0x24150000, 0x241504a8, 0x24260000)
  to   space 1088K,   0% used [0x24040000, 0x24040000, 0x24150000)
 tenured generation   total 21900K, used 10634K [0x28cf0000, 0x2a253000, 0x337a0000)
   the space 21900K,  48% used [0x28cf0000, 0x29752900, 0x29752a00, 0x2a253000)
 compacting perm gen  total 12288K, used 843K [0x337a0000, 0x343a0000, 0x377a0000)
   the space 12288K,   6% used [0x337a0000, 0x33872cf8, 0x33872e00, 0x343a0000)
    ro space 10240K,  41% used [0x377a0000, 0x37bd2050, 0x37bd2200, 0x381a0000)
    rw space 12288K,  52% used [0x381a0000, 0x387e6800, 0x387e6800, 0x38da0000)
}
Event: 1.827 GC heap before
{Heap before GC invocations=25 (full 2):
 def new generation   total 9920K, used 8335K [0x237a0000, 0x24260000, 0x28cf0000)
  eden space 8832K,  94% used [0x237a0000, 0x23fc3b50, 0x24040000)
  from space 1088K,   0% used [0x24150000, 0x241504a8, 0x24260000)
  to   space 1088K,   0% used [0x24040000, 0x24040000, 0x24150000)
 tenured generation   total 21900K, used 10634K [0x28cf0000, 0x2a253000, 0x337a0000)
   the space 21900K,  48% used [0x28cf0000, 0x29752900, 0x29752a00, 0x2a253000)
 compacting perm gen  total 12288K, used 843K [0x337a0000, 0x343a0000, 0x377a0000)
   the space 12288K,   6% used [0x337a0000, 0x33872cf8, 0x33872e00, 0x343a0000)
    ro space 10240K,  41% used [0x377a0000, 0x37bd2050, 0x37bd2200, 0x381a0000)
    rw space 12288K,  52% used [0x381a0000, 0x387e6800, 0x387e6800, 0x38da0000)
Event: 1.831 GC heap after
Heap after GC invocations=26 (full 2):
 def new generation   total 9920K, used 0K [0x237a0000, 0x24260000, 0x28cf0000)
  eden space 8832K,   0% used [0x237a0000, 0x237a0000, 0x24040000)
  from space 1088K,   0% used [0x24040000, 0x240401d0, 0x24150000)
  to   space 1088K,   0% used [0x24150000, 0x24150000, 0x24260000)
 tenured generation   total 21900K, used 18826K [0x28cf0000, 0x2a253000, 0x337a0000)
   the space 21900K,  85% used [0x28cf0000, 0x29f52920, 0x29f52a00, 0x2a253000)
 compacting perm gen  total 12288K, used 843K [0x337a0000, 0x343a0000, 0x377a0000)
   the space 12288K,   6% used [0x337a0000, 0x33872cf8, 0x33872e00, 0x343a0000)
    ro space 10240K,  41% used [0x377a0000, 0x37bd2050, 0x37bd2200, 0x381a0000)
    rw space 12288K,  52% used [0x381a0000, 0x387e6800, 0x387e6800, 0x38da0000)
}
Event: 1.832 GC heap before
{Heap before GC invocations=26 (full 2):
 def new generation   total 9920K, used 8286K [0x237a0000, 0x24260000, 0x28cf0000)
  eden space 8832K,  93% used [0x237a0000, 0x23fb77a0, 0x24040000)
  from space 1088K,   0% used [0x24040000, 0x240401d0, 0x24150000)
  to   space 1088K,   0% used [0x24150000, 0x24150000, 0x24260000)
 tenured generation   total 21900K, used 18826K [0x28cf0000, 0x2a253000, 0x337a0000)
   the space 21900K,  85% used [0x28cf0000, 0x29f52920, 0x29f52a00, 0x2a253000)
 compacting perm gen  total 12288K, used 843K [0x337a0000, 0x343a0000, 0x377a0000)
   the space 12288K,   6% used [0x337a0000, 0x33872cf8, 0x33872e00, 0x343a0000)
    ro space 10240K,  41% used [0x377a0000, 0x37bd2050, 0x37bd2200, 0x381a0000)
    rw space 12288K,  52% used [0x381a0000, 0x387e6800, 0x387e6800, 0x38da0000)
Event: 1.856 GC heap after
Heap after GC invocations=27 (full 3):
 def new generation   total 16128K, used 0K [0x237a0000, 0x24910000, 0x28cf0000)
  eden space 14400K,   0% used [0x237a0000, 0x237a0000, 0x245b0000)
  from space 1728K,   0% used [0x245b0000, 0x245b0000, 0x24760000)
  to   space 1728K,   0% used [0x24760000, 0x24760000, 0x24910000)
 tenured generation   total 35580K, used 21346K [0x28cf0000, 0x2afaf000, 0x337a0000)
   the space 35580K,  59% used [0x28cf0000, 0x2a1c8a08, 0x2a1c8c00, 0x2afaf000)
 compacting perm gen  total 12288K, used 843K [0x337a0000, 0x343a0000, 0x377a0000)
   the space 12288K,   6% used [0x337a0000, 0x33872cf8, 0x33872e00, 0x343a0000)
    ro space 10240K,  41% used [0x377a0000, 0x37bd2050, 0x37bd2200, 0x381a0000)
    rw space 12288K,  52% used [0x381a0000, 0x387e6800, 0x387e6800, 0x38da0000)
}
Event: 2.479 GC heap before
{Heap before GC invocations=27 (full 3):
 def new generation   total 16128K, used 14400K [0x237a0000, 0x24910000, 0x28cf0000)
  eden space 14400K, 100% used [0x237a0000, 0x245b0000, 0x245b0000)
  from space 1728K,   0% used [0x245b0000, 0x245b0000, 0x24760000)
  to   space 1728K,   0% used [0x24760000, 0x24760000, 0x24910000)
 tenured generation   total 35580K, used 21346K [0x28cf0000, 0x2afaf000, 0x337a0000)
   the space 35580K,  59% used [0x28cf0000, 0x2a1c8a08, 0x2a1c8c00, 0x2afaf000)
 compacting perm gen  total 12288K, used 1036K [0x337a0000, 0x343a0000, 0x377a0000)
   the space 12288K,   8% used [0x337a0000, 0x338a32c0, 0x338a3400, 0x343a0000)
    ro space 10240K,  41% used [0x377a0000, 0x37bd2050, 0x37bd2200, 0x381a0000)
    rw space 12288K,  52% used [0x381a0000, 0x387e6800, 0x387e6800, 0x38da0000)
Event: 2.481 GC heap after
Heap after GC invocations=28 (full 3):
 def new generation   total 16128K, used 269K [0x237a0000, 0x24910000, 0x28cf0000)
  eden space 14400K,   0% used [0x237a0000, 0x237a0000, 0x245b0000)
  from space 1728K,  15% used [0x24760000, 0x247a35e8, 0x24910000)
  to   space 1728K,   0% used [0x245b0000, 0x245b0000, 0x24760000)
 tenured generation   total 35580K, used 25442K [0x28cf0000, 0x2afaf000, 0x337a0000)
   the space 35580K,  71% used [0x28cf0000, 0x2a5c8a18, 0x2a5c8c00, 0x2afaf000)
 compacting perm gen  total 12288K, used 1036K [0x337a0000, 0x343a0000, 0x377a0000)
   the space 12288K,   8% used [0x337a0000, 0x338a32c0, 0x338a3400, 0x343a0000)
    ro space 10240K,  41% used [0x377a0000, 0x37bd2050, 0x37bd2200, 0x381a0000)
    rw space 12288K,  52% used [0x381a0000, 0x387e6800, 0x387e6800, 0x38da0000)
}
Event: 4.147 GC heap before
{Heap before GC invocations=28 (full 3):
 def new generation   total 16128K, used 14669K [0x237a0000, 0x24910000, 0x28cf0000)
  eden space 14400K, 100% used [0x237a0000, 0x245b0000, 0x245b0000)
  from space 1728K,  15% used [0x24760000, 0x247a35e8, 0x24910000)
  to   space 1728K,   0% used [0x245b0000, 0x245b0000, 0x24760000)
 tenured generation   total 35580K, used 25442K [0x28cf0000, 0x2afaf000, 0x337a0000)
   the space 35580K,  71% used [0x28cf0000, 0x2a5c8a18, 0x2a5c8c00, 0x2afaf000)
 compacting perm gen  total 12288K, used 4181K [0x337a0000, 0x343a0000, 0x377a0000)
   the space 12288K,  34% used [0x337a0000, 0x33bb57a8, 0x33bb5800, 0x343a0000)
    ro space 10240K,  41% used [0x377a0000, 0x37bd2050, 0x37bd2200, 0x381a0000)
    rw space 12288K,  52% used [0x381a0000, 0x387e6800, 0x387e6800, 0x38da0000)
Event: 4.159 GC heap after
Heap after GC invocations=29 (full 3):
 def new generation   total 16128K, used 1728K [0x237a0000, 0x24910000, 0x28cf0000)
  eden space 14400K,   0% used [0x237a0000, 0x237a0000, 0x245b0000)
  from space 1728K, 100% used [0x245b0000, 0x24760000, 0x24760000)
  to   space 1728K,   0% used [0x24760000, 0x24760000, 0x24910000)
 tenured generation   total 35580K, used 26669K [0x28cf0000, 0x2afaf000, 0x337a0000)
   the space 35580K,  74% used [0x28cf0000, 0x2a6fb5c0, 0x2a6fb600, 0x2afaf000)
 compacting perm gen  total 12288K, used 4181K [0x337a0000, 0x343a0000, 0x377a0000)
   the space 12288K,  34% used [0x337a0000, 0x33bb57a8, 0x33bb5800, 0x343a0000)
    ro space 10240K,  41% used [0x377a0000, 0x37bd2050, 0x37bd2200, 0x381a0000)
    rw space 12288K,  52% used [0x381a0000, 0x387e6800, 0x387e6800, 0x38da0000)
}

