# JRE version: Java(TM) SE Runtime Environment (7.0_51-b13) (build 1.7.0_51-b13)
# Java VM: Java HotSpot(TM) Client VM (24.51-b03 mixed mode, sharing windows-x86 )
Heap
 def new generation   total 16064K, used 6685K [0x237a0000, 0x24900000, 0x28cf0000)
  eden space 14336K,  41% used [0x237a0000, 0x23d6c578, 0x245a0000)
  from space 1728K,  43% used [0x24750000, 0x2480b008, 0x24900000)
  to   space 1728K,   0% used [0x245a0000, 0x245a0000, 0x24750000)
 tenured generation   total 35576K, used 27523K [0x28cf0000, 0x2afae000, 0x337a0000)
   the space 35576K,  77% used [0x28cf0000, 0x2a7d0ea0, 0x2a7d1000, 0x2afae000)
 compacting perm gen  total 12288K, used 4196K [0x337a0000, 0x343a0000, 0x377a0000)
   the space 12288K,  34% used [0x337a0000, 0x33bb9128, 0x33bb9200, 0x343a0000)
    ro space 10240K,  41% used [0x377a0000, 0x37bd2050, 0x37bd2200, 0x381a0000)
    rw space 12288K,  52% used [0x381a0000, 0x387e6800, 0x387e6800, 0x38da0000)
GC Heap History (10 events):
Event: 1.884 GC heap before
{Heap before GC invocations=25 (full 2):
 def new generation   total 9920K, used 8337K [0x237a0000, 0x24260000, 0x28cf0000)
  eden space 8832K,  94% used [0x237a0000, 0x23fc4010, 0x24040000)
  from space 1088K,   0% used [0x24150000, 0x241504a8, 0x24260000)
  to   space 1088K,   0% used [0x24040000, 0x24040000, 0x24150000)
 tenured generation   total 21896K, used 10632K [0x28cf0000, 0x2a252000, 0x337a0000)
   the space 21896K,  48% used [0x28cf0000, 0x297523e8, 0x29752400, 0x2a252000)
 compacting perm gen  total 12288K, used 843K [0x337a0000, 0x343a0000, 0x377a0000)
   the space 12288K,   6% used [0x337a0000, 0x33872d08, 0x33872e00, 0x343a0000)
    ro space 10240K,  41% used [0x377a0000, 0x37bd2050, 0x37bd2200, 0x381a0000)
    rw space 12288K,  52% used [0x381a0000, 0x387e6800, 0x387e6800, 0x38da0000)
Event: 1.887 GC heap after
Heap after GC invocations=26 (full 2):
 def new generation   total 9920K, used 0K [0x237a0000, 0x24260000, 0x28cf0000)
  eden space 8832K,   0% used [0x237a0000, 0x237a0000, 0x24040000)
  from space 1088K,   0% used [0x24040000, 0x240401d0, 0x24150000)
  to   space 1088K,   0% used [0x24150000, 0x24150000, 0x24260000)
 tenured generation   total 21896K, used 18825K [0x28cf0000, 0x2a252000, 0x337a0000)
   the space 21896K,  85% used [0x28cf0000, 0x29f52408, 0x29f52600, 0x2a252000)
 compacting perm gen  total 12288K, used 843K [0x337a0000, 0x343a0000, 0x377a0000)
   the space 12288K,   6% used [0x337a0000, 0x33872d08, 0x33872e00, 0x343a0000)
    ro space 10240K,  41% used [0x377a0000, 0x37bd2050, 0x37bd2200, 0x381a0000)
    rw space 12288K,  52% used [0x381a0000, 0x387e6800, 0x387e6800, 0x38da0000)
}
Event: 1.888 GC heap before
{Heap before GC invocations=26 (full 2):
 def new generation   total 9920K, used 8287K [0x237a0000, 0x24260000, 0x28cf0000)
  eden space 8832K,  93% used [0x237a0000, 0x23fb7ac0, 0x24040000)
  from space 1088K,   0% used [0x24040000, 0x240401d0, 0x24150000)
  to   space 1088K,   0% used [0x24150000, 0x24150000, 0x24260000)
 tenured generation   total 21896K, used 18825K [0x28cf0000, 0x2a252000, 0x337a0000)
   the space 21896K,  85% used [0x28cf0000, 0x29f52408, 0x29f52600, 0x2a252000)
 compacting perm gen  total 12288K, used 843K [0x337a0000, 0x343a0000, 0x377a0000)
   the space 12288K,   6% used [0x337a0000, 0x33872d08, 0x33872e00, 0x343a0000)
    ro space 10240K,  41% used [0x377a0000, 0x37bd2050, 0x37bd2200, 0x381a0000)
    rw space 12288K,  52% used [0x381a0000, 0x387e6800, 0x387e6800, 0x38da0000)
Event: 1.915 GC heap after
Heap after GC invocations=27 (full 3):
 def new generation   total 16064K, used 0K [0x237a0000, 0x24900000, 0x28cf0000)
  eden space 14336K,   0% used [0x237a0000, 0x237a0000, 0x245a0000)
  from space 1728K,   0% used [0x245a0000, 0x245a0000, 0x24750000)
  to   space 1728K,   0% used [0x24750000, 0x24750000, 0x24900000)
 tenured generation   total 35576K, used 21345K [0x28cf0000, 0x2afae000, 0x337a0000)
   the space 35576K,  59% used [0x28cf0000, 0x2a1c8558, 0x2a1c8600, 0x2afae000)
 compacting perm gen  total 12288K, used 843K [0x337a0000, 0x343a0000, 0x377a0000)
   the space 12288K,   6% used [0x337a0000, 0x33872d08, 0x33872e00, 0x343a0000)
    ro space 10240K,  41% used [0x377a0000, 0x37bd2050, 0x37bd2200, 0x381a0000)
    rw space 12288K,  52% used [0x381a0000, 0x387e6800, 0x387e6800, 0x38da0000)
}
Event: 2.544 GC heap before
{Heap before GC invocations=27 (full 3):
 def new generation   total 16064K, used 14336K [0x237a0000, 0x24900000, 0x28cf0000)
  eden space 14336K, 100% used [0x237a0000, 0x245a0000, 0x245a0000)
  from space 1728K,   0% used [0x245a0000, 0x245a0000, 0x24750000)
  to   space 1728K,   0% used [0x24750000, 0x24750000, 0x24900000)
 tenured generation   total 35576K, used 21345K [0x28cf0000, 0x2afae000, 0x337a0000)
   the space 35576K,  59% used [0x28cf0000, 0x2a1c8558, 0x2a1c8600, 0x2afae000)
 compacting perm gen  total 12288K, used 1029K [0x337a0000, 0x343a0000, 0x377a0000)
   the space 12288K,   8% used [0x337a0000, 0x338a1790, 0x338a1800, 0x343a0000)
    ro space 10240K,  41% used [0x377a0000, 0x37bd2050, 0x37bd2200, 0x381a0000)
    rw space 12288K,  52% used [0x381a0000, 0x387e6800, 0x387e6800, 0x38da0000)
Event: 2.547 GC heap after
Heap after GC invocations=28 (full 3):
 def new generation   total 16064K, used 234K [0x237a0000, 0x24900000, 0x28cf0000)
  eden space 14336K,   0% used [0x237a0000, 0x237a0000, 0x245a0000)
  from space 1728K,  13% used [0x24750000, 0x2478a9d0, 0x24900000)
  to   space 1728K,   0% used [0x245a0000, 0x245a0000, 0x24750000)
 tenured generation   total 35576K, used 25441K [0x28cf0000, 0x2afae000, 0x337a0000)
   the space 35576K,  71% used [0x28cf0000, 0x2a5c8568, 0x2a5c8600, 0x2afae000)
 compacting perm gen  total 12288K, used 1029K [0x337a0000, 0x343a0000, 0x377a0000)
   the space 12288K,   8% used [0x337a0000, 0x338a1790, 0x338a1800, 0x343a0000)
    ro space 10240K,  41% used [0x377a0000, 0x37bd2050, 0x37bd2200, 0x381a0000)
    rw space 12288K,  52% used [0x381a0000, 0x387e6800, 0x387e6800, 0x38da0000)
}
Event: 4.271 GC heap before
{Heap before GC invocations=28 (full 3):
 def new generation   total 16064K, used 14570K [0x237a0000, 0x24900000, 0x28cf0000)
  eden space 14336K, 100% used [0x237a0000, 0x245a0000, 0x245a0000)
  from space 1728K,  13% used [0x24750000, 0x2478a9d0, 0x24900000)
  to   space 1728K,   0% used [0x245a0000, 0x245a0000, 0x24750000)
 tenured generation   total 35576K, used 25441K [0x28cf0000, 0x2afae000, 0x337a0000)
   the space 35576K,  71% used [0x28cf0000, 0x2a5c8568, 0x2a5c8600, 0x2afae000)
 compacting perm gen  total 12288K, used 4140K [0x337a0000, 0x343a0000, 0x377a0000)
   the space 12288K,  33% used [0x337a0000, 0x33bab308, 0x33bab400, 0x343a0000)
    ro space 10240K,  41% used [0x377a0000, 0x37bd2050, 0x37bd2200, 0x381a0000)
    rw space 12288K,  52% used [0x381a0000, 0x387e6800, 0x387e6800, 0x38da0000)
Event: 4.282 GC heap after
Heap after GC invocations=29 (full 3):
 def new generation   total 16064K, used 1728K [0x237a0000, 0x24900000, 0x28cf0000)
  eden space 14336K,   0% used [0x237a0000, 0x237a0000, 0x245a0000)
  from space 1728K, 100% used [0x245a0000, 0x24750000, 0x24750000)
  to   space 1728K,   0% used [0x24750000, 0x24750000, 0x24900000)
 tenured generation   total 35576K, used 26546K [0x28cf0000, 0x2afae000, 0x337a0000)
   the space 35576K,  74% used [0x28cf0000, 0x2a6dc9c8, 0x2a6dca00, 0x2afae000)
 compacting perm gen  total 12288K, used 4140K [0x337a0000, 0x343a0000, 0x377a0000)
   the space 12288K,  33% used [0x337a0000, 0x33bab308, 0x33bab400, 0x343a0000)
    ro space 10240K,  41% used [0x377a0000, 0x37bd2050, 0x37bd2200, 0x381a0000)
    rw space 12288K,  52% used [0x381a0000, 0x387e6800, 0x387e6800, 0x38da0000)
}
Event: 9.960 GC heap before
{Heap before GC invocations=29 (full 3):
 def new generation   total 16064K, used 16064K [0x237a0000, 0x24900000, 0x28cf0000)
  eden space 14336K, 100% used [0x237a0000, 0x245a0000, 0x245a0000)
  from space 1728K, 100% used [0x245a0000, 0x24750000, 0x24750000)
  to   space 1728K,   0% used [0x24750000, 0x24750000, 0x24900000)
 tenured generation   total 35576K, used 26546K [0x28cf0000, 0x2afae000, 0x337a0000)
   the space 35576K,  74% used [0x28cf0000, 0x2a6dc9c8, 0x2a6dca00, 0x2afae000)
 compacting perm gen  total 12288K, used 4196K [0x337a0000, 0x343a0000, 0x377a0000)
   the space 12288K,  34% used [0x337a0000, 0x33bb9118, 0x33bb9200, 0x343a0000)
    ro space 10240K,  41% used [0x377a0000, 0x37bd2050, 0x37bd2200, 0x381a0000)
    rw space 12288K,  52% used [0x381a0000, 0x387e6800, 0x387e6800, 0x38da0000)
Event: 9.967 GC heap after
Heap after GC invocations=30 (full 3):
 def new generation   total 16064K, used 748K [0x237a0000, 0x24900000, 0x28cf0000)
  eden space 14336K,   0% used [0x237a0000, 0x237a0000, 0x245a0000)
  from space 1728K,  43% used [0x24750000, 0x2480b008, 0x24900000)
  to   space 1728K,   0% used [0x245a0000, 0x245a0000, 0x24750000)
 tenured generation   total 35576K, used 27523K [0x28cf0000, 0x2afae000, 0x337a0000)
   the space 35576K,  77% used [0x28cf0000, 0x2a7d0ea0, 0x2a7d1000, 0x2afae000)
 compacting perm gen  total 12288K, used 4196K [0x337a0000, 0x343a0000, 0x377a0000)
   the space 12288K,  34% used [0x337a0000, 0x33bb9118, 0x33bb9200, 0x343a0000)
    ro space 10240K,  41% used [0x377a0000, 0x37bd2050, 0x37bd2200, 0x381a0000)
    rw space 12288K,  52% used [0x381a0000, 0x387e6800, 0x387e6800, 0x38da0000)
}

