# JRE version: Java(TM) SE Runtime Environment (7.0_51-b13) (build 1.7.0_51-b13)
# Java VM: Java HotSpot(TM) Client VM (24.51-b03 mixed mode, sharing windows-x86 )
Heap
 def new generation   total 12736K, used 12582K [0x237a0000, 0x24570000, 0x28cf0000)
  eden space 11328K,  98% used [0x237a0000, 0x24289930, 0x242b0000)
  from space 1408K, 100% used [0x24410000, 0x24570000, 0x24570000)
  to   space 1408K,   0% used [0x242b0000, 0x242b0000, 0x24410000)
 tenured generation   total 28204K, used 26334K [0x28cf0000, 0x2a87b000, 0x337a0000)
   the space 28204K,  93% used [0x28cf0000, 0x2a6a78a0, 0x2a6a7a00, 0x2a87b000)
 compacting perm gen  total 12288K, used 4186K [0x337a0000, 0x343a0000, 0x377a0000)
   the space 12288K,  34% used [0x337a0000, 0x33bb6838, 0x33bb6a00, 0x343a0000)
    ro space 10240K,  41% used [0x377a0000, 0x37bd2050, 0x37bd2200, 0x381a0000)
    rw space 12288K,  52% used [0x381a0000, 0x387e6800, 0x387e6800, 0x38da0000)
GC Heap History (10 events):
Event: 4.217 GC heap before
{Heap before GC invocations=21 (full 2):
 def new generation   total 9664K, used 8084K [0x237a0000, 0x24210000, 0x28cf0000)
  eden space 8640K,  91% used [0x237a0000, 0x23f5d670, 0x24010000)
  from space 1024K,  15% used [0x24010000, 0x24037bb8, 0x24110000)
  to   space 1024K,   0% used [0x24110000, 0x24110000, 0x24210000)
 tenured generation   total 21356K, used 11815K [0x28cf0000, 0x2a1cb000, 0x337a0000)
   the space 21356K,  55% used [0x28cf0000, 0x29879f68, 0x2987a000, 0x2a1cb000)
 compacting perm gen  total 12288K, used 843K [0x337a0000, 0x343a0000, 0x377a0000)
   the space 12288K,   6% used [0x337a0000, 0x33872ca8, 0x33872e00, 0x343a0000)
    ro space 10240K,  41% used [0x377a0000, 0x37bd2050, 0x37bd2200, 0x381a0000)
    rw space 12288K,  52% used [0x381a0000, 0x387e6800, 0x387e6800, 0x38da0000)
Event: 4.219 GC heap after
Heap after GC invocations=22 (full 2):
 def new generation   total 9664K, used 1K [0x237a0000, 0x24210000, 0x28cf0000)
  eden space 8640K,   0% used [0x237a0000, 0x237a0000, 0x24010000)
  from space 1024K,   0% used [0x24110000, 0x24110470, 0x24210000)
  to   space 1024K,   0% used [0x24010000, 0x24010000, 0x24110000)
 tenured generation   total 21356K, used 15911K [0x28cf0000, 0x2a1cb000, 0x337a0000)
   the space 21356K,  74% used [0x28cf0000, 0x29c79f78, 0x29c7a000, 0x2a1cb000)
 compacting perm gen  total 12288K, used 843K [0x337a0000, 0x343a0000, 0x377a0000)
   the space 12288K,   6% used [0x337a0000, 0x33872ca8, 0x33872e00, 0x343a0000)
    ro space 10240K,  41% used [0x377a0000, 0x37bd2050, 0x37bd2200, 0x381a0000)
    rw space 12288K,  52% used [0x381a0000, 0x387e6800, 0x387e6800, 0x38da0000)
}
Event: 4.285 GC heap before
{Heap before GC invocations=22 (full 2):
 def new generation   total 9664K, used 8309K [0x237a0000, 0x24210000, 0x28cf0000)
  eden space 8640K,  96% used [0x237a0000, 0x23fbd1b0, 0x24010000)
  from space 1024K,   0% used [0x24110000, 0x24110470, 0x24210000)
  to   space 1024K,   0% used [0x24010000, 0x24010000, 0x24110000)
 tenured generation   total 21356K, used 15911K [0x28cf0000, 0x2a1cb000, 0x337a0000)
   the space 21356K,  74% used [0x28cf0000, 0x29c79f78, 0x29c7a000, 0x2a1cb000)
 compacting perm gen  total 12288K, used 843K [0x337a0000, 0x343a0000, 0x377a0000)
   the space 12288K,   6% used [0x337a0000, 0x33872ca8, 0x33872e00, 0x343a0000)
    ro space 10240K,  41% used [0x377a0000, 0x37bd2050, 0x37bd2200, 0x381a0000)
    rw space 12288K,  52% used [0x381a0000, 0x387e6800, 0x387e6800, 0x38da0000)
Event: 4.307 GC heap after
Heap after GC invocations=23 (full 3):
 def new generation   total 12736K, used 0K [0x237a0000, 0x24570000, 0x28cf0000)
  eden space 11328K,   0% used [0x237a0000, 0x237a0000, 0x242b0000)
  from space 1408K,   0% used [0x242b0000, 0x242b0000, 0x24410000)
  to   space 1408K,   0% used [0x24410000, 0x24410000, 0x24570000)
 tenured generation   total 28204K, used 16920K [0x28cf0000, 0x2a87b000, 0x337a0000)
   the space 28204K,  59% used [0x28cf0000, 0x29d76028, 0x29d76200, 0x2a87b000)
 compacting perm gen  total 12288K, used 843K [0x337a0000, 0x343a0000, 0x377a0000)
   the space 12288K,   6% used [0x337a0000, 0x33872ca8, 0x33872e00, 0x343a0000)
    ro space 10240K,  41% used [0x377a0000, 0x37bd2050, 0x37bd2200, 0x381a0000)
    rw space 12288K,  52% used [0x381a0000, 0x387e6800, 0x387e6800, 0x38da0000)
}
Event: 4.653 GC heap before
{Heap before GC invocations=23 (full 3):
 def new generation   total 12736K, used 11328K [0x237a0000, 0x24570000, 0x28cf0000)
  eden space 11328K, 100% used [0x237a0000, 0x242b0000, 0x242b0000)
  from space 1408K,   0% used [0x242b0000, 0x242b0000, 0x24410000)
  to   space 1408K,   0% used [0x24410000, 0x24410000, 0x24570000)
 tenured generation   total 28204K, used 16920K [0x28cf0000, 0x2a87b000, 0x337a0000)
   the space 28204K,  59% used [0x28cf0000, 0x29d76028, 0x29d76200, 0x2a87b000)
 compacting perm gen  total 12288K, used 843K [0x337a0000, 0x343a0000, 0x377a0000)
   the space 12288K,   6% used [0x337a0000, 0x33872ca8, 0x33872e00, 0x343a0000)
    ro space 10240K,  41% used [0x377a0000, 0x37bd2050, 0x37bd2200, 0x381a0000)
    rw space 12288K,  52% used [0x381a0000, 0x387e6800, 0x387e6800, 0x38da0000)
Event: 4.657 GC heap after
Heap after GC invocations=24 (full 3):
 def new generation   total 12736K, used 64K [0x237a0000, 0x24570000, 0x28cf0000)
  eden space 11328K,   0% used [0x237a0000, 0x237a0000, 0x242b0000)
  from space 1408K,   4% used [0x24410000, 0x24420088, 0x24570000)
  to   space 1408K,   0% used [0x242b0000, 0x242b0000, 0x24410000)
 tenured generation   total 28204K, used 25112K [0x28cf0000, 0x2a87b000, 0x337a0000)
   the space 28204K,  89% used [0x28cf0000, 0x2a576048, 0x2a576200, 0x2a87b000)
 compacting perm gen  total 12288K, used 843K [0x337a0000, 0x343a0000, 0x377a0000)
   the space 12288K,   6% used [0x337a0000, 0x33872ca8, 0x33872e00, 0x343a0000)
    ro space 10240K,  41% used [0x377a0000, 0x37bd2050, 0x37bd2200, 0x381a0000)
    rw space 12288K,  52% used [0x381a0000, 0x387e6800, 0x387e6800, 0x38da0000)
}
Event: 7.555 GC heap before
{Heap before GC invocations=24 (full 3):
 def new generation   total 12736K, used 11392K [0x237a0000, 0x24570000, 0x28cf0000)
  eden space 11328K, 100% used [0x237a0000, 0x242b0000, 0x242b0000)
  from space 1408K,   4% used [0x24410000, 0x24420088, 0x24570000)
  to   space 1408K,   0% used [0x242b0000, 0x242b0000, 0x24410000)
 tenured generation   total 28204K, used 25112K [0x28cf0000, 0x2a87b000, 0x337a0000)
   the space 28204K,  89% used [0x28cf0000, 0x2a576048, 0x2a576200, 0x2a87b000)
 compacting perm gen  total 12288K, used 1992K [0x337a0000, 0x343a0000, 0x377a0000)
   the space 12288K,  16% used [0x337a0000, 0x33992018, 0x33992200, 0x343a0000)
    ro space 10240K,  41% used [0x377a0000, 0x37bd2050, 0x37bd2200, 0x381a0000)
    rw space 12288K,  52% used [0x381a0000, 0x387e6800, 0x387e6800, 0x38da0000)
Event: 7.558 GC heap after
Heap after GC invocations=25 (full 3):
 def new generation   total 12736K, used 1120K [0x237a0000, 0x24570000, 0x28cf0000)
  eden space 11328K,   0% used [0x237a0000, 0x237a0000, 0x242b0000)
  from space 1408K,  79% used [0x242b0000, 0x243c8040, 0x24410000)
  to   space 1408K,   0% used [0x24410000, 0x24410000, 0x24570000)
 tenured generation   total 28204K, used 25112K [0x28cf0000, 0x2a87b000, 0x337a0000)
   the space 28204K,  89% used [0x28cf0000, 0x2a576048, 0x2a576200, 0x2a87b000)
 compacting perm gen  total 12288K, used 1992K [0x337a0000, 0x343a0000, 0x377a0000)
   the space 12288K,  16% used [0x337a0000, 0x33992018, 0x33992200, 0x343a0000)
    ro space 10240K,  41% used [0x377a0000, 0x37bd2050, 0x37bd2200, 0x381a0000)
    rw space 12288K,  52% used [0x381a0000, 0x387e6800, 0x387e6800, 0x38da0000)
}
Event: 26.702 GC heap before
{Heap before GC invocations=25 (full 3):
 def new generation   total 12736K, used 12448K [0x237a0000, 0x24570000, 0x28cf0000)
  eden space 11328K, 100% used [0x237a0000, 0x242b0000, 0x242b0000)
  from space 1408K,  79% used [0x242b0000, 0x243c8040, 0x24410000)
  to   space 1408K,   0% used [0x24410000, 0x24410000, 0x24570000)
 tenured generation   total 28204K, used 25112K [0x28cf0000, 0x2a87b000, 0x337a0000)
   the space 28204K,  89% used [0x28cf0000, 0x2a576048, 0x2a576200, 0x2a87b000)
 compacting perm gen  total 12288K, used 4185K [0x337a0000, 0x343a0000, 0x377a0000)
   the space 12288K,  34% used [0x337a0000, 0x33bb65f8, 0x33bb6600, 0x343a0000)
    ro space 10240K,  41% used [0x377a0000, 0x37bd2050, 0x37bd2200, 0x381a0000)
    rw space 12288K,  52% used [0x381a0000, 0x387e6800, 0x387e6800, 0x38da0000)
Event: 26.715 GC heap after
Heap after GC invocations=26 (full 3):
 def new generation   total 12736K, used 1408K [0x237a0000, 0x24570000, 0x28cf0000)
  eden space 11328K,   0% used [0x237a0000, 0x237a0000, 0x242b0000)
  from space 1408K, 100% used [0x24410000, 0x24570000, 0x24570000)
  to   space 1408K,   0% used [0x242b0000, 0x242b0000, 0x24410000)
 tenured generation   total 28204K, used 26334K [0x28cf0000, 0x2a87b000, 0x337a0000)
   the space 28204K,  93% used [0x28cf0000, 0x2a6a78a0, 0x2a6a7a00, 0x2a87b000)
 compacting perm gen  total 12288K, used 4185K [0x337a0000, 0x343a0000, 0x377a0000)
   the space 12288K,  34% used [0x337a0000, 0x33bb65f8, 0x33bb6600, 0x343a0000)
    ro space 10240K,  41% used [0x377a0000, 0x37bd2050, 0x37bd2200, 0x381a0000)
    rw space 12288K,  52% used [0x381a0000, 0x387e6800, 0x387e6800, 0x38da0000)
}

